10.4
--> footpath_id: 19082 || address:  || clue_sa: West Melbourne, Residential || asset_type: Road Footway || deltaz: 0.42 || distance: 4.43 || grade1in: 10.5 || mcc_id: 1389319 || mccid_int: 0 || rlmax: 27.55 || rlmin: 27.13 || segside:  || statusid: 0 || streetid: 0 || street_group: 19082 || start_lat: -37.80705253270732 || start_lon: 144.95554535477655 || end_lat: -37.806493400698976 || end_lon: 144.95564385929268 || 
11.1
--> footpath_id: 27678 || address: Palmerston Street between Lygon Street and Keppel Street || clue_sa: Carlton || asset_type: Road Footway || deltaz: 3.75 || distance: 42.11 || grade1in: 11.2 || mcc_id: 1384073 || mccid_int: 20497 || rlmax: 46.27 || rlmin: 42.52 || segside: South || statusid: 2 || streetid: 955 || street_group: 28333 || start_lat: -37.79600302610278 || start_lon: 144.96692658187098 || end_lat: -37.796073738621565 || end_lon: 144.96756835236687 || 
12.7
--> footpath_id: 28912 || address:  || clue_sa: Carlton || asset_type: Road Footway || deltaz: 3.17 || distance: 40.48 || grade1in: 12.8 || mcc_id: 1465443 || mccid_int: 0 || rlmax: 32.89 || rlmin: 29.72 || segside:  || statusid: 0 || streetid: 0 || street_group: 29716 || start_lat: -37.80238318431342 || start_lon: 144.96230902033938 || end_lat: -37.80240562594406 || end_lon: 144.96292389412878 || 
13.7
--> footpath_id: 25782 || address:  || clue_sa: East Melbourne || asset_type: Road Footway || deltaz: 3.36 || distance: 46.37 || grade1in: 13.8 || mcc_id: 1467102 || mccid_int: 0 || rlmax: 34.5 || rlmin: 31.14 || segside:  || statusid: 0 || streetid: 0 || street_group: 32175 || start_lat: -37.81062704698189 || start_lon: 144.97914624658642 || end_lat: -37.81025619255367 || end_lon: 144.97871551747136 || 
16.2
--> footpath_id: 22291 || address: Franklin Street between Victoria Street and Swanston Street || clue_sa: Melbourne, CBD || asset_type: Road Footway || deltaz: 5.79 || distance: 100.03 || grade1in: 17.3 || mcc_id: 1386048 || mccid_int: 21622 || rlmax: 27.93 || rlmin: 22.14 || segside: North || statusid: 2 || streetid: 644 || street_group: 23261 || start_lat: -37.80728078210456 || start_lon: 144.96295671685027 || end_lat: -37.806934841693526 || end_lon: 144.96421711213438 || 
18.6
--> footpath_id: 18335 || address: Little La Trobe Street between Swanston Street and Elizabeth Street || clue_sa: Melbourne, CBD || asset_type: Road Footway || deltaz: 3.22 || distance: 60.36 || grade1in: 18.7 || mcc_id: 1389248 || mccid_int: 21644 || rlmax: 19.52 || rlmin: 16.3 || segside:  || statusid: 3 || streetid: 822 || street_group: 19514 || start_lat: -37.809536910299975 || start_lon: 144.96173338822084 || end_lat: -37.80919643802176 || end_lon: 144.96290022383263 || 
18.9
--> footpath_id: 21986 || address: Exhibition Street between La Trobe Street and Victoria Street || clue_sa: Melbourne, CBD || asset_type: Road Footway || deltaz: 2.18 || distance: 40.95 || grade1in: 18.8 || mcc_id: 1389335 || mccid_int: 21600 || rlmax: 28.71 || rlmin: 26.53 || segside: West || statusid: 2 || streetid: 615 || street_group: 22319 || start_lat: -37.80763951505068 || start_lon: 144.96835165712474 || end_lat: -37.808048814639065 || end_lon: 144.9686212756218 || 
19.6
--> footpath_id: 16908 || address: Franklin Street between Elizabeth Street and Queen Street || clue_sa: Melbourne, CBD || asset_type: Road Footway || deltaz: 3.02 || distance: 58.88 || grade1in: 19.5 || mcc_id: 1387657 || mccid_int: 21634 || rlmax: 23.95 || rlmin: 20.93 || segside: South || statusid: 2 || streetid: 644 || street_group: 18332 || start_lat: -37.80894449202307 || start_lon: 144.95811677926758 || end_lat: -37.80877174988724 || end_lon: 144.95883580672492 || 
20.11
--> footpath_id: 26935 || address: Reeves Street between Rathdowne Street and Drummond Street || clue_sa: Carlton || asset_type: Road Footway || deltaz: 4.67 || distance: 93.94 || grade1in: 20.1 || mcc_id: 1477320 || mccid_int: 23273 || rlmax: 34.03 || rlmin: 29.36 || segside: North || statusid: 3 || streetid: 120050 || street_group: 28018 || start_lat: -37.793234860975936 || start_lon: 144.9699018786452 || end_lat: -37.793334098107856 || end_lon: 144.9710480778731 || 
20.19
--> footpath_id: 28029 || address: Astor Place from Lygon Street || clue_sa: Carlton || asset_type: Road Footway || deltaz: 2.56 || distance: 51.66 || grade1in: 20.2 || mcc_id: 1384133 || mccid_int: 20687 || rlmax: 40.48 || rlmin: 37.92 || segside:  || statusid: 3 || streetid: 1203 || street_group: 29092 || start_lat: -37.79689062746413 || start_lon: 144.9684534725024 || end_lat: -37.79683009257789 || end_lon: 144.96777905897366 || 
20.6
--> footpath_id: 23686 || address:  || clue_sa: East Melbourne || asset_type: Road Footway || deltaz: 4.38 || distance: 90.65 || grade1in: 20.7 || mcc_id: 1467211 || mccid_int: 0 || rlmax: 37.52 || rlmin: 33.14 || segside:  || statusid: 0 || streetid: 0 || street_group: 30432 || start_lat: -37.81089776128885 || start_lon: 144.97543278808456 || end_lat: -37.81171208695379 || end_lon: 144.97493037520516 || 
20.81
--> footpath_id: 21960 || address: Queensberry Street between Cobden Street and Peel Street || clue_sa: North Melbourne || asset_type: Road Footway || deltaz: 2.37 || distance: 49.35 || grade1in: 20.8 || mcc_id: 1389989 || mccid_int: 20925 || rlmax: 30.33 || rlmin: 27.96 || segside: North || statusid: 2 || streetid: 1008 || street_group: 23579 || start_lat: -37.803798223881934 || start_lon: 144.9572613470935 || end_lat: -37.80368756897215 || end_lon: 144.95659516739116 || 
21.1
--> footpath_id: 30627 || address: Little Barkly Street between Faraday Street and Rathdowne Street || clue_sa: Carlton || asset_type: Road Footway || deltaz: 3.19 || distance: 67.13 || grade1in: 21.0 || mcc_id: 1384472 || mccid_int: 20675 || rlmax: 37.3 || rlmin: 34.11 || segside:  || statusid: 3 || streetid: 807 || street_group: 31141 || start_lat: -37.79929002061519 || start_lon: 144.971733261949 || end_lat: -37.79968560564858 || end_lon: 144.97102182382955 || 
21.25
--> footpath_id: 29340 || address:  || clue_sa: Carlton || asset_type: Road Footway || deltaz: 2.76 || distance: 58.83 || grade1in: 21.3 || mcc_id: 1465441 || mccid_int: 0 || rlmax: 33.28 || rlmin: 30.52 || segside:  || statusid: 0 || streetid: 0 || street_group: 29716 || start_lat: -37.801769518084534 || start_lon: 144.96241476869113 || end_lat: -37.80225124756057 || end_lon: 144.96297898972549 || 
24.6
--> footpath_id: 16920 || address:  || clue_sa: Melbourne, CBD || asset_type: Road Footway || deltaz: 1.03 || distance: 25.47 || grade1in: 24.7 || mcc_id: 1386956 || mccid_int: 0 || rlmax: 20.75 || rlmin: 19.72 || segside:  || statusid: 0 || streetid: 0 || street_group: 18001 || start_lat: -37.810125527397325 || start_lon: 144.9638844518403 || end_lat: -37.810264723265355 || end_lon: 144.96340964278832 || 
24.9
--> footpath_id: 29575 || address:  || clue_sa: Carlton || asset_type: Road Footway || deltaz: 6.83 || distance: 170.58 || grade1in: 25.0 || mcc_id: 1384352 || mccid_int: 0 || rlmax: 43.72 || rlmin: 36.89 || segside:  || statusid: 0 || streetid: 0 || street_group: 30384 || start_lat: -37.800935723960094 || start_lon: 144.97082005414498 || end_lat: -37.800860298495174 || end_lon: 144.9701015110883 || 
25.6
--> footpath_id: 17632 || address: Swanston Street between Lonsdale Street and Little Lonsdale Street || clue_sa: Melbourne, CBD || asset_type: Road Footway || deltaz: 4.02 || distance: 102.5 || grade1in: 25.5 || mcc_id: 1387550 || mccid_int: 20160 || rlmax: 20.35 || rlmin: 16.33 || segside: East || statusid: 2 || streetid: 1114 || street_group: 19911 || start_lat: -37.810599401084986 || start_lon: 144.96436988086182 || end_lat: -37.81139228315156 || end_lon: 144.96483664101885 || 
25.9
--> footpath_id: 24680 || address: Albert Street between Nicholson Street and Gisborne Street || clue_sa: East Melbourne || asset_type: Road Footway || deltaz: 0.64 || distance: 16.52 || grade1in: 25.8 || mcc_id: 1384914 || mccid_int: 20889 || rlmax: 38.36 || rlmin: 37.72 || segside: South || statusid: 2 || streetid: 375 || street_group: 26082 || start_lat: -37.80943253804335 || start_lon: 144.97361327185004 || end_lat: -37.80940285660225 || end_lon: 144.9731190736847 || 
26.3
--> footpath_id: 21301 || address: Queensberry Street between Cobden Street and Peel Street || clue_sa: North Melbourne || asset_type: Road Footway || deltaz: 2.65 || distance: 69.91 || grade1in: 26.4 || mcc_id: 1385075 || mccid_int: 20925 || rlmax: 29.96 || rlmin: 27.31 || segside: South || statusid: 2 || streetid: 1008 || street_group: 21957 || start_lat: -37.80405120188552 || start_lon: 144.95734443348312 || end_lat: -37.80393234923008 || end_lon: 144.95656419201305 || 
27
--> footpath_id: 22572 || address: O'Connell Street between Queensberry Street and Peel Street || clue_sa: North Melbourne || asset_type: Road Footway || deltaz: 6.04 || distance: 163.01 || grade1in: 27.0 || mcc_id: 1386191 || mccid_int: 21116 || rlmax: 33.51 || rlmin: 27.47 || segside: East || statusid: 2 || streetid: 939 || street_group: 23580 || start_lat: -37.80379350023573 || start_lon: 144.9575084939946 || end_lat: -37.80233646628015 || end_lon: 144.95683459453562 || 
28.89
--> footpath_id: 25322 || address: Leicester Street between Queensberry Street and Pelham Street || clue_sa: Carlton || asset_type: Road Footway || deltaz: 5.8 || distance: 168.04 || grade1in: 29.0 || mcc_id: 1384591 || mccid_int: 20458 || rlmax: 29.11 || rlmin: 23.31 || segside: East || statusid: 2 || streetid: 786 || street_group: 26339 || start_lat: -37.804116301893146 || start_lon: 144.96045157930882 || end_lat: -37.80255396183794 || end_lon: 144.96077064455287 || 
29.2
--> footpath_id: 26677 || address:  || clue_sa: Carlton || asset_type: Road Footway || deltaz: 3.04 || distance: 88.52 || grade1in: 29.1 || mcc_id: 1384683 || mccid_int: 0 || rlmax: 27.53 || rlmin: 24.49 || segside:  || statusid: 0 || streetid: 0 || street_group: 27738 || start_lat: -37.80284157383542 || start_lon: 144.9603757490471 || end_lat: -37.80335716534258 || end_lon: 144.96028508420176 || 
29.6
--> footpath_id: 27665 || address: Palmerston Street between Rathdowne Street and Drummond Street || clue_sa: Carlton || asset_type: Road Footway || deltaz: 3.21 || distance: 94.55 || grade1in: 29.5 || mcc_id: 1384273 || mccid_int: 20684 || rlmax: 35.49 || rlmin: 32.28 || segside: North || statusid: 2 || streetid: 955 || street_group: 28597 || start_lat: -37.796155887263744 || start_lon: 144.97056424489568 || end_lat: -37.79606116572821 || end_lon: 144.96941668057087 || 
31.1
--> footpath_id: 14562 || address: A'Beckett Street between Wills Street and Queen Street || clue_sa: Melbourne, CBD || asset_type: Road Footway || deltaz: 1.84 || distance: 57.04 || grade1in: 31.0 || mcc_id: 1387659 || mccid_int: 21524 || rlmax: 25.54 || rlmin: 23.7 || segside: South || statusid: 2 || streetid: 368 || street_group: 32346 || start_lat: -37.81038747985833 || start_lon: 144.9571989571063 || end_lat: -37.810232787959755 || end_lon: 144.957816979846 || 
31.39
--> footpath_id: 25302 || address:  || clue_sa: North Melbourne || asset_type: Road Footway || deltaz: 0.42 || distance: 13.21 || grade1in: 31.4 || mcc_id: 1386662 || mccid_int: 0 || rlmax: 26.93 || rlmin: 26.51 || segside:  || statusid: 0 || streetid: 0 || street_group: 25649 || start_lat: -37.80113054530073 || start_lon: 144.955044698638 || end_lat: -37.80083528906786 || end_lon: 144.95467453866502 || 
31.51
--> footpath_id: 25948 || address:  || clue_sa: Carlton || asset_type: Road Footway || deltaz: 2.44 || distance: 76.92 || grade1in: 31.5 || mcc_id: 1384232 || mccid_int: 0 || rlmax: 44.72 || rlmin: 42.28 || segside:  || statusid: 0 || streetid: 0 || street_group: 26951 || start_lat: -37.793828621562746 || start_lon: 144.96764340732724 || end_lat: -37.79373459689384 || end_lon: 144.9668059416972 || 
31.79
--> footpath_id: 29778 || address:  || clue_sa: Carlton || asset_type: Road Footway || deltaz: 2.74 || distance: 87.05 || grade1in: 31.8 || mcc_id: 1466008 || mccid_int: 0 || rlmax: 33.84 || rlmin: 31.1 || segside:  || statusid: 0 || streetid: 0 || street_group: 30392 || start_lat: -37.800388336415146 || start_lon: 144.9726038406784 || end_lat: -37.80004025688152 || end_lon: 144.9735351927589 || 
32.4
--> footpath_id: 28908 || address:  || clue_sa: Carlton || asset_type: Road Footway || deltaz: 5.62 || distance: 182.57 || grade1in: 32.5 || mcc_id: 1384615 || mccid_int: 0 || rlmax: 37.32 || rlmin: 31.7 || segside:  || statusid: 0 || streetid: 0 || street_group: 30370 || start_lat: -37.802019404943756 || start_lon: 144.9605216330516 || end_lat: -37.80114485520582 || end_lon: 144.9606758891757 || 
34.5
--> footpath_id: 24983 || address: Queensberry Street between Drummond Street and Lygon Street || clue_sa: Carlton || asset_type: Road Footway || deltaz: 2.02 || distance: 69.99 || grade1in: 34.6 || mcc_id: 1384389 || mccid_int: 22498 || rlmax: 39.12 || rlmin: 37.1 || segside: South || statusid: 2 || streetid: 1008 || street_group: 25351 || start_lat: -37.80511479433129 || start_lon: 144.9672184978663 || end_lat: -37.805049266018685 || end_lon: 144.96636629186244 || 
37.8
--> footpath_id: 30352 || address: Drummond Street between Faraday Street and Elgin Street || clue_sa: Carlton || asset_type: Road Footway || deltaz: 2.18 || distance: 82.62 || grade1in: 37.9 || mcc_id: 1384188 || mccid_int: 20550 || rlmax: 38.67 || rlmin: 36.49 || segside: West || statusid: 2 || streetid: 583 || street_group: 30352 || start_lat: -37.797631984680294 || start_lon: 144.9688335375982 || end_lat: -37.79846904558401 || end_lon: 144.96864843156519 || 
38.7
--> footpath_id: 30852 || address: MacArthur Place North between Canning Street and Rathdowne Street || clue_sa: Carlton || asset_type: Road Footway || deltaz: 1.18 || distance: 45.61 || grade1in: 38.6 || mcc_id: 1384289 || mccid_int: 20670 || rlmax: 30.68 || rlmin: 29.5 || segside: North || statusid: 2 || streetid: 843 || street_group: 30919 || start_lat: -37.7981702256951 || start_lon: 144.9720805238476 || end_lat: -37.79821216728189 || end_lon: 144.97263233573895 || 
39.81
--> footpath_id: 25348 || address: Queensberry Street between Lygon Street and Cardigan Street || clue_sa: Carlton || asset_type: Road Footway || deltaz: 1.62 || distance: 64.54 || grade1in: 39.8 || mcc_id: 1384569 || mccid_int: 22499 || rlmax: 36.54 || rlmin: 34.92 || segside: South || statusid: 2 || streetid: 1008 || street_group: 25348 || start_lat: -37.80492447851788 || start_lon: 144.96520321427738 || end_lat: -37.80498172148461 || end_lon: 144.96602951107937 || 
40.21
--> footpath_id: 30470 || address:  || clue_sa: Carlton || asset_type: Road Footway || deltaz: 1.2 || distance: 48.29 || grade1in: 40.2 || mcc_id: 1384302 || mccid_int: 0 || rlmax: 32.27 || rlmin: 31.07 || segside:  || statusid: 0 || streetid: 0 || street_group: 30470 || start_lat: -37.797384565389926 || start_lon: 144.9709278198176 || end_lat: -37.79745036763847 || end_lon: 144.9715174094199 || 
41
--> footpath_id: 24027 || address: Cathedral Place between Lansdowne Street and Gisborne Street || clue_sa: East Melbourne || asset_type: Road Footway || deltaz: 3.81 || distance: 156.08 || grade1in: 41.0 || mcc_id: 1384903 || mccid_int: 21851 || rlmax: 37.33 || rlmin: 33.52 || segside: South || statusid: 2 || streetid: 494 || street_group: 24396 || start_lat: -37.81109260942385 || start_lon: 144.97793646450015 || end_lat: -37.8109210942349 || end_lon: 144.9761174086785 || 
41.6
--> footpath_id: 18614 || address: Park Drive between Bayles Street and Gatehouse Street || clue_sa: Parkville || asset_type: Road Footway || deltaz: 1.39 || distance: 57.75 || grade1in: 41.5 || mcc_id: 1388649 || mccid_int: 22364 || rlmax: 38.87 || rlmin: 37.48 || segside: East || statusid: 2 || streetid: 956 || street_group: 20149 || start_lat: -37.79314000615333 || start_lon: 144.95694615245347 || end_lat: -37.79269141481861 || end_lon: 144.95764514893844 || 
42.5
--> footpath_id: 25678 || address:  || clue_sa: Carlton || asset_type: Road Footway || deltaz: 1.2 || distance: 50.9 || grade1in: 42.4 || mcc_id: 1384572 || mccid_int: 0 || rlmax: 33.92 || rlmin: 32.72 || segside:  || statusid: 0 || streetid: 0 || street_group: 26022 || start_lat: -37.80489310015215 || start_lon: 144.96488354751762 || end_lat: -37.805401843485434 || end_lon: 144.96479099981983 || 
43.7
--> footpath_id: 26305 || address:  || clue_sa: Carlton || asset_type: Road Footway || deltaz: 1.82 || distance: 79.29 || grade1in: 43.6 || mcc_id: 1384588 || mccid_int: 0 || rlmax: 39.93 || rlmin: 38.11 || segside:  || statusid: 0 || streetid: 0 || street_group: 26984 || start_lat: -37.80043167032351 || start_lon: 144.96530766630542 || end_lat: -37.800307711617215 || end_lon: 144.96416980976218 || 
44.2
--> footpath_id: 30868 || address: University Street between Rathdowne Street and Drummond Street || clue_sa: Carlton || asset_type: Road Footway || deltaz: 0.42 || distance: 18.53 || grade1in: 44.1 || mcc_id: 1384457 || mccid_int: 20711 || rlmax: 41.08 || rlmin: 40.66 || segside:  || statusid: 3 || streetid: 1145 || street_group: 30933 || start_lat: -37.79957964528856 || start_lon: 144.96906014223498 || end_lat: -37.79964692228938 || end_lon: 144.96970576906148 || 
44.81
--> footpath_id: 24173 || address: Cemetery Road East between College Crescent and Lygon Street || clue_sa: Carlton || asset_type: Road Footway || deltaz: 1.41 || distance: 63.23 || grade1in: 44.8 || mcc_id: 1556146 || mccid_int: 20773 || rlmax: 46.68 || rlmin: 45.27 || segside: South || statusid: 1 || streetid: 497 || street_group: 26952 || start_lat: -37.793455631383 || start_lon: 144.9665088027924 || end_lat: -37.793377197088354 || end_lon: 144.96565729127673 || 
46.91
--> footpath_id: 25014 || address:  || clue_sa: East Melbourne || asset_type: Road Footway || deltaz: 0.42 || distance: 19.71 || grade1in: 46.9 || mcc_id: 1466912 || mccid_int: 0 || rlmax: 34.34 || rlmin: 33.92 || segside:  || statusid: 0 || streetid: 0 || street_group: 25710 || start_lat: -37.8082940222859 || start_lon: 144.97187294681888 || end_lat: -37.80868325487656 || end_lon: 144.97223413286113 || 
47.8
--> footpath_id: 22269 || address: Queensberry Street between Elizabeth Street and O'Connell Street || clue_sa: North Melbourne || asset_type: Road Footway || deltaz: 0.83 || distance: 39.59 || grade1in: 47.7 || mcc_id: 1385074 || mccid_int: 20923 || rlmax: 27.36 || rlmin: 26.53 || segside: North || statusid: 2 || streetid: 1008 || street_group: 23580 || start_lat: -37.803793543410244 || start_lon: 144.95750851396303 || end_lat: -37.80388458522898 || end_lon: 144.95803229254645 || 
50.2
--> footpath_id: 27365 || address: Pelham Street between Bouverie Street and Leicester Street || clue_sa: Carlton || asset_type: Road Footway || deltaz: 1.85 || distance: 92.7 || grade1in: 50.1 || mcc_id: 1384547 || mccid_int: 20873 || rlmax: 30.55 || rlmin: 28.7 || segside: South || statusid: 2 || streetid: 975 || street_group: 27743 || start_lat: -37.80232373615822 || start_lon: 144.96081186432673 || end_lat: -37.80239801955767 || end_lon: 144.96195915338768 || 
50.79
--> footpath_id: 22221 || address: Morrah Street between Fitzgibbon Street and Wimble Street || clue_sa: Parkville || asset_type: Road Footway || deltaz: 1.21 || distance: 61.48 || grade1in: 50.8 || mcc_id: 1387994 || mccid_int: 22325 || rlmax: 34.71 || rlmin: 33.5 || segside: South || statusid: 2 || streetid: 912 || street_group: 22867 || start_lat: -37.79577969952321 || start_lon: 144.95665927231698 || end_lat: -37.79569935694233 || end_lon: 144.95585137224148 || 
50.91
--> footpath_id: 18724 || address:  || clue_sa: Melbourne, CBD || asset_type: Road Footway || deltaz: 1.66 || distance: 84.51 || grade1in: 50.9 || mcc_id: 1389510 || mccid_int: 0 || rlmax: 20.59 || rlmin: 18.93 || segside:  || statusid: 0 || streetid: 0 || street_group: 19879 || start_lat: -37.80637506254107 || start_lon: 144.9592044703547 || end_lat: -37.8070679164956 || end_lon: 144.95968640970682 || 
51.5
--> footpath_id: 23580 || address: Peel Street between Queensberry Street and Elizabeth Street || clue_sa: North Melbourne || asset_type: Road Footway || deltaz: 0.78 || distance: 40.24 || grade1in: 51.6 || mcc_id: 1385073 || mccid_int: 21117 || rlmax: 33.73 || rlmin: 32.95 || segside: East || statusid: 1 || streetid: 973 || street_group: 23580 || start_lat: -37.80238859948211 || start_lon: 144.95682556906098 || end_lat: -37.80186929187676 || end_lon: 144.95690957517328 || 
52.09
--> footpath_id: 32439 || address: Elizabeth Street between Therry Street and Victoria Street || clue_sa: Melbourne, CBD || asset_type: Road Footway || deltaz: 0.82 || distance: 42.72 || grade1in: 52.1 || mcc_id: 1386334 || mccid_int: 21628 || rlmax: 20.36 || rlmin: 19.54 || segside: West || statusid: 2 || streetid: 599 || street_group: 32439 || start_lat: -37.80641681707257 || start_lon: 144.9594915424376 || end_lat: -37.806982845869605 || end_lon: 144.9597833646437 || 
52.59
--> footpath_id: 22525 || address: Royal Parade between Grattan Street and Story Street || clue_sa: Parkville || asset_type: Road Footway || deltaz: 4.36 || distance: 229.28 || grade1in: 52.6 || mcc_id: 1388156 || mccid_int: 22514 || rlmax: 35.51 || rlmin: 31.15 || segside: West || statusid: 1 || streetid: 1041 || street_group: 23205 || start_lat: -37.79955818136582 || start_lon: 144.95733764318422 || end_lat: -37.79721039302361 || end_lon: 144.95751433913878 || 
53.8
--> footpath_id: 32489 || address:  || clue_sa: Carlton || asset_type: Road Footway || deltaz: 0.29 || distance: 15.65 || grade1in: 53.9 || mcc_id: 1466098 || mccid_int: 0 || rlmax: 39.07 || rlmin: 38.78 || segside:  || statusid: 0 || streetid: 0 || street_group: 32489 || start_lat: -37.802559360568225 || start_lon: 144.96564077724568 || end_lat: -37.80231529312342 || end_lon: 144.96613700152437 || 
58.1
--> footpath_id: 30009 || address: Canning Street between Palmerston Street and Pitt Street || clue_sa: Carlton || asset_type: Road Footway || deltaz: 0.62 || distance: 36.1 || grade1in: 58.2 || mcc_id: 1384191 || mccid_int: 20585 || rlmax: 28.08 || rlmin: 27.46 || segside: West || statusid: 2 || streetid: 479 || street_group: 30329 || start_lat: -37.79641297479196 || start_lon: 144.97294289485285 || end_lat: -37.795966839001004 || end_lon: 144.97305852638132 || 
58.9
--> footpath_id: 29359 || address: Drummond Street between Pelham Street and Grattan Street || clue_sa: Carlton || asset_type: Road Footway || deltaz: 3.45 || distance: 202.79 || grade1in: 58.8 || mcc_id: 1384369 || mccid_int: 20546 || rlmax: 44.31 || rlmin: 40.86 || segside: West || statusid: 2 || streetid: 583 || street_group: 30061 || start_lat: -37.80282568985317 || start_lon: 144.9679055168033 || end_lat: -37.80102786316686 || end_lon: 144.96829319252643 || 
60.3
--> footpath_id: 23882 || address: Blackwood Street between Flemington Road and Courtney Street || clue_sa: North Melbourne || asset_type: Road Footway || deltaz: 0.83 || distance: 50.11 || grade1in: 60.4 || mcc_id: 1389324 || mccid_int: 21122 || rlmax: 27.72 || rlmin: 26.89 || segside: West || statusid: 2 || streetid: 446 || street_group: 25306 || start_lat: -37.8006125217302 || start_lon: 144.95575508632368 || end_lat: -37.80109560488029 || end_lon: 144.95508760311387 || 
61.1
--> footpath_id: 19495 || address: Elizabeth Street between Franklin Street and Therry Street || clue_sa: Melbourne, CBD || asset_type: Road Footway || deltaz: 1.55 || distance: 94.83 || grade1in: 61.2 || mcc_id: 1385805 || mccid_int: 21631 || rlmax: 18.52 || rlmin: 16.97 || segside: East || statusid: 2 || streetid: 599 || street_group: 21651 || start_lat: -37.80716812082877 || start_lon: 144.96003264517427 || end_lat: -37.8080001894576 || end_lon: 144.96047377955455 || 
61.8
--> footpath_id: 20871 || address:  || clue_sa: Parkville || asset_type: Road Footway || deltaz: 1.98 || distance: 122.36 || grade1in: 61.8 || mcc_id: 1388567 || mccid_int: 0 || rlmax: 36.88 || rlmin: 34.9 || segside:  || statusid: 0 || streetid: 0 || street_group: 20873 || start_lat: -37.793947903397715 || start_lon: 144.95584317256407 || end_lat: -37.793164867376746 || end_lon: 144.95654296041144 || 
62.5
--> footpath_id: 24585 || address:  || clue_sa: Carlton || asset_type: Road Footway || deltaz: 1.23 || distance: 76.82 || grade1in: 62.5 || mcc_id: 1386586 || mccid_int: 0 || rlmax: 33.35 || rlmin: 32.12 || segside:  || statusid: 0 || streetid: 0 || street_group: 25992 || start_lat: -37.800833883989625 || start_lon: 144.95776107067206 || end_lat: -37.80171222010921 || end_lon: 144.9577621000513 || 
62.79
--> footpath_id: 20950 || address: O'Connell Street between Victoria Street and Queensberry Street || clue_sa: North Melbourne || asset_type: Road Footway || deltaz: 0.82 || distance: 51.49 || grade1in: 62.8 || mcc_id: 1390184 || mccid_int: 20928 || rlmax: 24.36 || rlmin: 23.54 || segside: West || statusid: 2 || streetid: 939 || street_group: 20951 || start_lat: -37.80531460340307 || start_lon: 144.95795906430513 || end_lat: -37.805804384418856 || end_lon: 144.95820887620368 || 
64.4
--> footpath_id: 21287 || address:  || clue_sa: Melbourne, CBD || asset_type: Road Footway || deltaz: 0.62 || distance: 40.0 || grade1in: 64.5 || mcc_id: 1387208 || mccid_int: 0 || rlmax: 22.17 || rlmin: 21.55 || segside:  || statusid: 0 || streetid: 0 || street_group: 21369 || start_lat: -37.81015901736682 || start_lon: 144.96900836175018 || end_lat: -37.81003039485589 || end_lon: 144.96944357276962 || 
67.9
--> footpath_id: 22197 || address: Swanston Street between Elgin Street and College Crescent || clue_sa: Carlton || asset_type: Road Footway || deltaz: 0.98 || distance: 66.42 || grade1in: 67.8 || mcc_id: 1384169 || mccid_int: 20494 || rlmax: 44.85 || rlmin: 43.87 || segside: East || statusid: 2 || streetid: 1114 || street_group: 23188 || start_lat: -37.79671619089615 || start_lon: 144.96471558029094 || end_lat: -37.7961032083208 || end_lon: 144.96489589596268 || 
68.29
--> footpath_id: 20638 || address: Lonsdale Street between Exhibition Street and Russell Street || clue_sa: Melbourne, CBD || asset_type: Road Footway || deltaz: 2.42 || distance: 165.29 || grade1in: 68.3 || mcc_id: 1386749 || mccid_int: 20003 || rlmax: 21.77 || rlmin: 19.35 || segside: South || statusid: 2 || streetid: 803 || street_group: 32331 || start_lat: -37.81088379342661 || start_lon: 144.9674279646943 || end_lat: -37.810373313438284 || end_lon: 144.96926073997113 || 
69.59
--> footpath_id: 28074 || address:  || clue_sa: Carlton || asset_type: Road Footway || deltaz: 0.6 || distance: 41.79 || grade1in: 69.6 || mcc_id: 1389914 || mccid_int: 0 || rlmax: 37.71 || rlmin: 37.11 || segside:  || statusid: 0 || streetid: 0 || street_group: 30370 || start_lat: -37.800234979287275 || start_lon: 144.96100367515024 || end_lat: -37.800175734654815 || end_lon: 144.96045646211394 || 
73.7
--> footpath_id: 26716 || address:  || clue_sa: Carlton || asset_type: Road Footway || deltaz: 0.99 || distance: 73.04 || grade1in: 73.8 || mcc_id: 1466057 || mccid_int: 0 || rlmax: 36.71 || rlmin: 35.72 || segside:  || statusid: 0 || streetid: 0 || street_group: 29578 || start_lat: -37.80558708437594 || start_lon: 144.9696828371544 || end_lat: -37.8061996861216 || end_lon: 144.97030564839844 || 
76.79
--> footpath_id: 30542 || address: Palmerston Street between Nicholson Street and Canning Street || clue_sa: Carlton || asset_type: Road Footway || deltaz: 0.79 || distance: 60.68 || grade1in: 76.8 || mcc_id: 1384331 || mccid_int: 20779 || rlmax: 27.68 || rlmin: 26.89 || segside: South || statusid: 2 || streetid: 955 || street_group: 30894 || start_lat: -37.796720452059105 || start_lon: 144.97323893652054 || end_lat: -37.796767098215476 || end_lon: 144.97396320134672 || 
78.89
--> footpath_id: 29961 || address: Elgin Street between Nicholson Street and Canning Street || clue_sa: Carlton || asset_type: Road Footway || deltaz: 1.63 || distance: 128.57 || grade1in: 78.9 || mcc_id: 1384329 || mccid_int: 20597 || rlmax: 28.11 || rlmin: 26.48 || segside: North || statusid: 2 || streetid: 598 || street_group: 30894 || start_lat: -37.79780075977929 || start_lon: 144.97473568779756 || end_lat: -37.79765419926398 || end_lon: 144.9730803691654 || 
79.79
--> footpath_id: 28150 || address: Carlton Street between Nicholson Street and Canning Street || clue_sa: Carlton || asset_type: Road Footway || deltaz: 1.78 || distance: 142.03 || grade1in: 79.8 || mcc_id: 1388941 || mccid_int: 20683 || rlmax: 35.68 || rlmin: 33.9 || segside: South || statusid: 2 || streetid: 486 || street_group: 30384 || start_lat: -37.8011090220332 || start_lon: 144.9724751229921 || end_lat: -37.801267263634884 || end_lon: 144.97414453519673 || 
81.19
--> footpath_id: 20844 || address: Princes Park Drive between Cemetery Road West and MacPherson Street || clue_sa: Carlton || asset_type: Road Footway || deltaz: 4.41 || distance: 358.14 || grade1in: 81.2 || mcc_id: 1466310 || mccid_int: 22512 || rlmax: 49.07 || rlmin: 44.66 || segside: East || statusid: 2 || streetid: 997 || street_group: 21876 || start_lat: -37.791622496923026 || start_lon: 144.9613722427211 || end_lat: -37.784913661078036 || end_lon: 144.96348398938298 || 
83.69
--> footpath_id: 28344 || address:  || clue_sa: Carlton || asset_type: Road Footway || deltaz: 1.72 || distance: 144.0 || grade1in: 83.7 || mcc_id: 1384647 || mccid_int: 0 || rlmax: 44.62 || rlmin: 42.9 || segside:  || statusid: 0 || streetid: 0 || street_group: 29698 || start_lat: -37.798790140123955 || start_lon: 144.96708547571748 || end_lat: -37.800587466252345 || end_lon: 144.96677795692403 || 
84.5
--> footpath_id: 23870 || address: Elizabeth Street between Flemington Road and Grattan Street || clue_sa: Carlton || asset_type: Road Footway || deltaz: 0.97 || distance: 81.97 || grade1in: 84.5 || mcc_id: 1388437 || mccid_int: 21551 || rlmax: 32.15 || rlmin: 31.18 || segside: East || statusid: 1 || streetid: 599 || street_group: 25992 || start_lat: -37.79988533379608 || start_lon: 144.95781172604896 || end_lat: -37.800833883989625 || end_lon: 144.95776107067206 || 
90.29
--> footpath_id: 24302 || address: Lygon Street between Victoria Street and Queensberry Street || clue_sa: Carlton || asset_type: Road Footway || deltaz: 0.4 || distance: 36.12 || grade1in: 90.3 || mcc_id: 1384390 || mccid_int: 20522 || rlmax: 36.94 || rlmin: 36.54 || segside: East || statusid: 2 || streetid: 840 || street_group: 25351 || start_lat: -37.80504928201905 || start_lon: 144.96636628209953 || end_lat: -37.805492265590985 || end_lon: 144.96624952602753 || 
94.5
--> footpath_id: 21353 || address: Lonsdale Street between Exhibition Street and Russell Street || clue_sa: Melbourne, CBD || asset_type: Road Footway || deltaz: 0.65 || distance: 61.4 || grade1in: 94.4 || mcc_id: 1387031 || mccid_int: 20003 || rlmax: 20.97 || rlmin: 20.32 || segside: North || statusid: 2 || streetid: 803 || street_group: 21681 || start_lat: -37.81047267086481 || start_lon: 144.967947010621 || end_lat: -37.810257095090016 || end_lon: 144.96877139113832 || 
101.2
--> footpath_id: 24301 || address: Lygon Street between Victoria Street and Queensberry Street || clue_sa: Carlton || asset_type: Road Footway || deltaz: 1.02 || distance: 103.38 || grade1in: 101.3 || mcc_id: 1384568 || mccid_int: 20522 || rlmax: 36.75 || rlmin: 35.73 || segside: West || statusid: 2 || streetid: 840 || street_group: 25348 || start_lat: -37.80501884863678 || start_lon: 144.96605785860461 || end_lat: -37.806061478788905 || end_lon: 144.96584156698998 || 
104.1
--> footpath_id: 27299 || address:  || clue_sa: Carlton || asset_type: Road Footway || deltaz: 0.44 || distance: 45.87 || grade1in: 104.2 || mcc_id: 1384271 || mccid_int: 0 || rlmax: 32.09 || rlmin: 31.65 || segside:  || statusid: 0 || streetid: 0 || street_group: 28597 || start_lat: -37.79615587739762 || start_lon: 144.97056420336608 || end_lat: -37.795705185506186 || end_lon: 144.97064152624776 || 
110.3
--> footpath_id: 21645 || address: Victoria Street between Bouverie Street and Elizabeth Street || clue_sa: Melbourne, CBD || asset_type: Road Footway || deltaz: 0.48 || distance: 52.98 || grade1in: 110.4 || mcc_id: 1387493 || mccid_int: 21625 || rlmax: 19.99 || rlmin: 19.51 || segside: South || statusid: 1 || streetid: 1152 || street_group: 32446 || start_lat: -37.80656752004175 || start_lon: 144.9612024853881 || end_lat: -37.806505938513354 || end_lon: 144.96036488742084 || 
112.3
--> footpath_id: 30468 || address: David Street between Elgin Street and Palmerston Street || clue_sa: Carlton || asset_type: Road Footway || deltaz: 0.44 || distance: 49.46 || grade1in: 112.4 || mcc_id: 1388401 || mccid_int: 20655 || rlmax: 30.29 || rlmin: 29.85 || segside:  || statusid: 3 || streetid: 558 || street_group: 30600 || start_lat: -37.79658333998397 || start_lon: 144.9719638275923 || end_lat: -37.797283441123966 || end_lon: 144.97183615154574 || 
115.5
--> footpath_id: 20878 || address: Wimble Street between Morrah Street and Park Drive || clue_sa: Parkville || asset_type: Road Footway || deltaz: 0.2 || distance: 23.13 || grade1in: 115.6 || mcc_id: 1388572 || mccid_int: 22348 || rlmax: 34.5 || rlmin: 34.3 || segside: West || statusid: 2 || streetid: 1183 || street_group: 21582 || start_lat: -37.794552871655284 || start_lon: 144.95580862992918 || end_lat: -37.79507221743665 || end_lon: 144.95572431467704 || 
118.4
--> footpath_id: 29996 || address:  || clue_sa: Carlton || asset_type: Road Footway || deltaz: 0.46 || distance: 54.51 || grade1in: 118.5 || mcc_id: 1388910 || mccid_int: 0 || rlmax: 24.91 || rlmin: 24.45 || segside:  || statusid: 0 || streetid: 0 || street_group: 29996 || start_lat: -37.79327234020523 || start_lon: 144.97550677200553 || end_lat: -37.794366870830814 || end_lon: 144.97531546208762 || 
120.3
--> footpath_id: 30703 || address: David Street between Elgin Street and Palmerston Street || clue_sa: Carlton || asset_type: Road Footway || deltaz: 0.6 || distance: 72.25 || grade1in: 120.4 || mcc_id: 1384348 || mccid_int: 20655 || rlmax: 30.26 || rlmin: 29.66 || segside:  || statusid: 3 || streetid: 558 || street_group: 30785 || start_lat: -37.79730782224292 || start_lon: 144.9718916024831 || end_lat: -37.79658981913546 || end_lon: 144.9720246745706 || 
129.3
--> footpath_id: 28130 || address: Rathdowne Street between Pelham Street and Grattan Street || clue_sa: Carlton || asset_type: Road Footway || deltaz: 1.43 || distance: 185.09 || grade1in: 129.4 || mcc_id: 1384353 || mccid_int: 20558 || rlmax: 44.94 || rlmin: 43.51 || segside: East || statusid: 2 || streetid: 1024 || street_group: 30384 || start_lat: -37.80302227593904 || start_lon: 144.96968936783588 || end_lat: -37.80122478967563 || end_lon: 144.97003740936427 || 
133.1
--> footpath_id: 30122 || address: Nicholson Street between Palmerston Street and Kay Street || clue_sa: Carlton || asset_type: Road Footway || deltaz: 0.55 || distance: 73.24 || grade1in: 133.1 || mcc_id: 1384220 || mccid_int: 20882 || rlmax: 25.84 || rlmin: 25.29 || segside:  || statusid: 1 || streetid: 931 || street_group: 30555 || start_lat: -37.796634601020116 || start_lon: 144.97493234736783 || end_lat: -37.79601800366857 || end_lon: 144.97507597871 || 
139.8
--> footpath_id: 18978 || address: Cemetery Road West between Royal Parade and College Crescent || clue_sa: Carlton || asset_type: Road Footway || deltaz: 2.05 || distance: 286.33 || grade1in: 139.7 || mcc_id: 1466004 || mccid_int: 22375 || rlmax: 45.68 || rlmin: 43.63 || segside: North || statusid: 1 || streetid: 498 || street_group: 24542 || start_lat: -37.79004392794141 || start_lon: 144.95945970235084 || end_lat: -37.79152190246024 || end_lon: 144.96096809450182 || 
143.2
--> footpath_id: 24355 || address: Punch Lane from Little Bourke Street || clue_sa: Melbourne, CBD || asset_type: Road Footway || deltaz: 0.39 || distance: 55.83 || grade1in: 143.1 || mcc_id: 1388298 || mccid_int: 20226 || rlmax: 27.92 || rlmin: 27.53 || segside:  || statusid: 3 || streetid: 1003 || street_group: 24355 || start_lat: -37.81074739125567 || start_lon: 144.97113137655 || end_lat: -37.8101310427232 || end_lon: 144.97080885373995 || 
153.2
--> footpath_id: 16463 || address: Royal Parade between Gatehouse Street and MacArthur Road || clue_sa: Parkville || asset_type: Road Footway || deltaz: 1.21 || distance: 185.27 || grade1in: 153.1 || mcc_id: 1389659 || mccid_int: 22438 || rlmax: 42.48 || rlmin: 41.27 || segside: West || statusid: 1 || streetid: 1041 || street_group: 16777 || start_lat: -37.78998767795376 || start_lon: 144.95840416827474 || end_lat: -37.79185443081883 || end_lon: 144.958173757636 || 
154.3
--> footpath_id: 23535 || address: Swanston Street between Faraday Street and Elgin Street || clue_sa: Carlton || asset_type: Road Footway || deltaz: 0.82 || distance: 126.48 || grade1in: 154.2 || mcc_id: 1384182 || mccid_int: 20492 || rlmax: 44.11 || rlmin: 43.29 || segside: East || statusid: 2 || streetid: 1114 || street_group: 24897 || start_lat: -37.79699367020485 || start_lon: 144.96473911070768 || end_lat: -37.798235188717186 || end_lon: 144.96448650665866 || 
158.2
--> footpath_id: 29735 || address:  || clue_sa: Carlton || asset_type: Road Footway || deltaz: 0.21 || distance: 33.23 || grade1in: 158.1 || mcc_id: 1466291 || mccid_int: 0 || rlmax: 39.12 || rlmin: 38.91 || segside:  || statusid: 0 || streetid: 0 || street_group: 30722 || start_lat: -37.80302918947068 || start_lon: 144.96586801508758 || end_lat: -37.802820080085475 || end_lon: 144.96640074411266 || 
170
--> footpath_id: 28934 || address: Lygon Street between Argyle Place South and Pelham Street || clue_sa: Carlton || asset_type: Road Footway || deltaz: 0.24 || distance: 41.89 || grade1in: 174.4 || mcc_id: 1384628 || mccid_int: 20526 || rlmax: 38.91 || rlmin: 38.67 || segside: West || statusid: 2 || streetid: 840 || street_group: 30722 || start_lat: -37.80338892683253 || start_lon: 144.966303006131 || end_lat: -37.80293851298118 || end_lon: 144.96643973263426 || 
178
--> footpath_id: 25286 || address: Berkeley Street between Pelham Street and Grattan Street || clue_sa: Carlton || asset_type: Road Footway || deltaz: 0.21 || distance: 37.12 || grade1in: 176.7 || mcc_id: 1384768 || mccid_int: 20474 || rlmax: 34.33 || rlmin: 34.12 || segside: East || statusid: 2 || streetid: 441 || street_group: 27726 || start_lat: -37.80000883607612 || start_lon: 144.9589182908763 || end_lat: -37.80052878430002 || end_lon: 144.95879881242618 || 
200
--> footpath_id: 30062 || address:  || clue_sa: Carlton || asset_type: Road Footway || deltaz: 0.21 || distance: 43.47 || grade1in: 206.9 || mcc_id: 1384371 || mccid_int: 0 || rlmax: 44.71 || rlmin: 44.5 || segside:  || statusid: 0 || streetid: 0 || street_group: 30062 || start_lat: -37.8011224360362 || start_lon: 144.96912391530608 || end_lat: -37.80105695969724 || end_lon: 144.96855348106368 || 
215
--> footpath_id: 26597 || address:  || clue_sa: Carlton || asset_type: Road Footway || deltaz: 0.19 || distance: 40.55 || grade1in: 213.3 || mcc_id: 1384211 || mccid_int: 0 || rlmax: 34.06 || rlmin: 33.87 || segside:  || statusid: 0 || streetid: 0 || street_group: 28018 || start_lat: -37.79257007846067 || start_lon: 144.97001217301388 || end_lat: -37.793209700567324 || end_lon: 144.96990429437574 || 
9001
--> footpath_id: 21364 || address: Hayward Lane between Little Lonsdale Street and La Trobe Street || clue_sa: Melbourne, CBD || asset_type: Road Footway || deltaz: 0.0 || distance: 0.87 || grade1in: 8721.7 || mcc_id: 1387056 || mccid_int: 20282 || rlmax: 26.36 || rlmin: 26.36 || segside:  || statusid: 3 || streetid: 698 || street_group: 21991 || start_lat: -37.809056001344224 || start_lon: 144.96687470615385 || end_lat: -37.809680886806134 || end_lon: 144.9671671339967 || 
